<?xml version="1.0" encoding="UTF-8"?>
<!-- Generated by org.testng.reporters.JUnitReportReporter -->
<testsuite hostname="DESKTOP-ICGBU50" failures="0" tests="3" name="metagroups.Login" time="0.032" errors="0" timestamp="2024-01-27T11:32:41 PST" skipped="0">
  <testcase classname="metagroups.Login" name="verifyLoginWithValidCredentials" time="0.020"/>
  <testcase classname="metagroups.Login" name="verifyLoginWithValidEmailAndInvalidPwd" time="0.005"/>
  <testcase classname="metagroups.Login" name="verifyLoginWithInvalidCredentials" time="0.007"/>
</testsuite> <!-- metagroups.Login -->
