<?xml version="1.0" encoding="UTF-8"?>
<!-- Generated by org.testng.reporters.JUnitReportReporter -->
<testsuite hostname="DESKTOP-ICGBU50" failures="0" tests="1" name="ignoretestsatpackagelevel.NewTest" time="0.022" errors="0" timestamp="2024-01-26T22:22:08 PST" skipped="0">
  <testcase classname="ignoretestsatpackagelevel.NewTest" name="f" time="0.022"/>
</testsuite> <!-- ignoretestsatpackagelevel.NewTest -->
