<?xml version="1.0" encoding="UTF-8"?>
<!-- Generated by org.testng.reporters.JUnitReportReporter -->
<testsuite hostname="DESKTOP-ICGBU50" failures="0" tests="4" name="ignoretestsatpackagelevel.ClassB" time="0.014" errors="0" timestamp="2024-01-26T22:22:08 PST" skipped="0">
  <testcase classname="ignoretestsatpackagelevel.ClassB" name="methodBOne" time="0.003"/>
  <testcase classname="ignoretestsatpackagelevel.ClassB" name="methodBTwo" time="0.004"/>
  <testcase classname="ignoretestsatpackagelevel.ClassB" name="methodBFour" time="0.005"/>
  <testcase classname="ignoretestsatpackagelevel.ClassB" name="methodBThree" time="0.002"/>
</testsuite> <!-- ignoretestsatpackagelevel.ClassB -->
