<?xml version="1.0" encoding="UTF-8"?>
<!-- Generated by org.testng.reporters.JUnitReportReporter -->
<testsuite hostname="DESKTOP-ICGBU50" failures="0" tests="1" name="com.tutorialsninja.tests.ClassA" time="0.027" errors="0" timestamp="2024-02-16T19:41:16 PST" skipped="0">
  <testcase classname="com.tutorialsninja.tests.ClassA" name="methodAOne" time="0.027"/>
</testsuite> <!-- com.tutorialsninja.tests.ClassA -->
