<?xml version="1.0" encoding="UTF-8"?>
<!-- Generated by org.testng.reporters.JUnitReportReporter -->
<testsuite hostname="DESKTOP-ICGBU50" failures="0" tests="3" name="metagroups.Search" time="0.026" errors="0" timestamp="2024-01-27T11:32:41 PST" skipped="0">
  <testcase classname="metagroups.Search" name="searchByGivingSearchText" time="0.006"/>
  <testcase classname="metagroups.Search" name="searchWithoutGivingSearchText" time="0.007"/>
  <testcase classname="metagroups.Search" name="searchByclickingEnterButtion" time="0.013"/>
</testsuite> <!-- metagroups.Search -->
