<?xml version="1.0" encoding="UTF-8"?>
<!-- Generated by org.testng.reporters.JUnitReportReporter -->
<testsuite hostname="DESKTOP-ICGBU50" failures="0" tests="3" name="ignoretestsatpackagelevel.ClassA" time="0.010" errors="0" timestamp="2024-01-26T22:22:08 PST" skipped="0">
  <testcase classname="ignoretestsatpackagelevel.ClassA" name="methodAOne" time="0.003"/>
  <testcase classname="ignoretestsatpackagelevel.ClassA" name="methodATwo" time="0.004"/>
  <testcase classname="ignoretestsatpackagelevel.ClassA" name="methodAThree" time="0.003"/>
</testsuite> <!-- ignoretestsatpackagelevel.ClassA -->
