<?xml version="1.0" encoding="UTF-8"?>
<!-- Generated by org.testng.reporters.JUnitReportReporter -->
<testsuite hostname="DESKTOP-ICGBU50" failures="0" tests="2" name="metagroups.Register" time="0.014" errors="0" timestamp="2024-01-27T11:32:41 PST" skipped="0">
  <testcase classname="metagroups.Register" name="registerByGivingAllFields" time="0.006"/>
  <testcase classname="metagroups.Register" name="registerWithoutGivingAnyFields" time="0.008"/>
</testsuite> <!-- metagroups.Register -->
