<?xml version="1.0" encoding="UTF-8"?>
<!-- Generated by org.testng.reporters.JUnitReportReporter -->
<testsuite hostname="DESKTOP-ICGBU50" failures="0" tests="3" name="com.tutorialsninja.tests.Login" time="70.076" errors="0" timestamp="2024-02-16T19:41:16 PST" skipped="0">
  <testcase classname="com.tutorialsninja.tests.Login" name="verifyLoginWithValidCredentials" time="5.437"/>
  <testcase classname="com.tutorialsninja.tests.Login" name="verifyLoginWithInvalidValidCredentials" time="18.118"/>
  <testcase classname="com.tutorialsninja.tests.Login" name="verifyTitle" time="46.521"/>
</testsuite> <!-- com.tutorialsninja.tests.Login -->
