<?xml version="1.0" encoding="UTF-8"?>
<!-- Generated by org.testng.reporters.JUnitReportReporter -->
<testsuite hostname="DESKTOP-ICGBU50" failures="0" tests="3" name="com.tutorialsninja.tests.ClassB" time="0.012" errors="0" timestamp="2024-02-16T19:41:16 PST" skipped="0">
  <testcase classname="com.tutorialsninja.tests.ClassB" name="methodBOne" time="0.003"/>
  <testcase classname="com.tutorialsninja.tests.ClassB" name="methodBFour" time="0.003"/>
  <testcase classname="com.tutorialsninja.tests.ClassB" name="methodBThree" time="0.006"/>
</testsuite> <!-- com.tutorialsninja.tests.ClassB -->
